[2018-08-31 09:20:33.101] [sharedprocess] [info] main {"machineId":"f391cf1e128c7a12d3142ae132058c63ccf9378c9f15b95c65e7378ea4f5de92"}
[2018-08-31 09:20:33.312] [sharedprocess] [info] Scanned user extensions: 28
[2018-08-31 09:20:33.409] [sharedprocess] [info] Scanned user extensions: 28
[2018-08-31 09:20:33.424] [sharedprocess] [info] Scanned user extensions: 28
[2018-08-31 09:20:33.431] [sharedprocess] [info] Scanned user extensions: 28
[2018-08-31 09:20:33.601] [sharedprocess] [info] Scanned system extensions: 71
[2018-08-31 09:20:33.629] [sharedprocess] [info] Scanned system extensions: 71
[2018-08-31 09:20:33.642] [sharedprocess] [info] Scanned system extensions: 71
[2018-08-31 09:20:34.311] [sharedprocess] [info] Scanned user extensions: 28
[2018-08-31 09:20:34.351] [sharedprocess] [info] Scanned user extensions: 28
[2018-08-31 09:20:34.364] [sharedprocess] [info] Scanned user extensions: 28
[2018-08-31 09:21:13.108] [sharedprocess] [info] Starting to clean up unused language packs.
[2018-08-31 09:25:35.822] [sharedprocess] [info] Scanned user extensions: 28
[2018-08-31 09:30:38.395] [sharedprocess] [info] Scanned user extensions: 28
[2018-08-31 09:35:32.760] [sharedprocess] [info] Scanned user extensions: 28
[2018-08-31 09:35:32.762] [sharedprocess] [info] Scanned user extensions: 28
[2018-08-31 09:35:32.769] [sharedprocess] [info] Scanned user extensions: 28
[2018-08-31 09:35:33.021] [sharedprocess] [info] Scanned user extensions: 28
[2018-08-31 09:35:33.987] [sharedprocess] [info] Scanned system extensions: 71
[2018-08-31 09:35:33.997] [sharedprocess] [info] Scanned system extensions: 71
[2018-08-31 09:35:34.004] [sharedprocess] [info] Scanned system extensions: 71
[2018-08-31 09:35:38.434] [sharedprocess] [info] Scanned user extensions: 28
[2018-08-31 09:35:41.979] [sharedprocess] [info] Scanned user extensions: 28
[2018-08-31 09:35:41.986] [sharedprocess] [info] Scanned user extensions: 28
[2018-08-31 09:35:41.993] [sharedprocess] [info] Scanned user extensions: 28
[2018-08-31 09:35:42.083] [sharedprocess] [info] Scanned system extensions: 71
[2018-08-31 09:35:42.094] [sharedprocess] [info] Scanned system extensions: 71
[2018-08-31 09:35:42.106] [sharedprocess] [info] Scanned system extensions: 71
[2018-08-31 09:35:57.449] [sharedprocess] [info] Installing extension: laravel-easy-blade-snippets
[2018-08-31 09:35:57.476] [sharedprocess] [info] Scanned user extensions: 28
[2018-08-31 09:35:58.163] [sharedprocess] [info] Downloaded extension: laravel-easy-blade-snippets /tmp/da334917-028a-4dc4-8eb5-927306f07940
[2018-08-31 09:35:58.240] [sharedprocess] [info] Extracted extension to /home/jfvilladiego/.vscode/extensions/.dacoto.laravel-easy-blade-snippets-1.2.1: dacoto.laravel-easy-blade-snippets-1.2.1
[2018-08-31 09:35:58.240] [sharedprocess] [info] Renamed to /home/jfvilladiego/.vscode/extensions/dacoto.laravel-easy-blade-snippets-1.2.1
[2018-08-31 09:35:58.240] [sharedprocess] [info] Installation completed. dacoto.laravel-easy-blade-snippets-1.2.1
[2018-08-31 09:35:58.285] [sharedprocess] [info] Extensions installed successfully: dacoto.laravel-easy-blade-snippets
[2018-08-31 09:35:58.469] [sharedprocess] [info] Scanned user extensions: 29
[2018-08-31 09:35:58.491] [sharedprocess] [info] Scanned system extensions: 71
[2018-08-31 09:40:38.474] [sharedprocess] [info] Scanned user extensions: 29
[2018-08-31 09:45:38.590] [sharedprocess] [info] Scanned user extensions: 29
[2018-08-31 09:50:39.951] [sharedprocess] [info] Scanned user extensions: 29
[2018-08-31 09:55:40.238] [sharedprocess] [info] Scanned user extensions: 29
[2018-08-31 10:00:42.909] [sharedprocess] [info] Scanned user extensions: 29
[2018-08-31 10:05:43.065] [sharedprocess] [info] Scanned user extensions: 29
[2018-08-31 10:10:43.222] [sharedprocess] [info] Scanned user extensions: 29
[2018-08-31 10:15:43.269] [sharedprocess] [info] Scanned user extensions: 29
[2018-08-31 10:20:43.596] [sharedprocess] [info] Scanned user extensions: 29
[2018-08-31 10:25:44.554] [sharedprocess] [info] Scanned user extensions: 29
[2018-08-31 10:30:44.604] [sharedprocess] [info] Scanned user extensions: 29
[2018-08-31 10:35:44.640] [sharedprocess] [info] Scanned user extensions: 29
[2018-08-31 10:40:44.693] [sharedprocess] [info] Scanned user extensions: 29
[2018-08-31 10:45:44.735] [sharedprocess] [info] Scanned user extensions: 29
[2018-08-31 10:50:44.906] [sharedprocess] [info] Scanned user extensions: 29
[2018-08-31 10:55:44.959] [sharedprocess] [info] Scanned user extensions: 29
[2018-08-31 11:00:44.998] [sharedprocess] [info] Scanned user extensions: 29
[2018-08-31 11:05:45.035] [sharedprocess] [info] Scanned user extensions: 29
[2018-08-31 11:10:45.075] [sharedprocess] [info] Scanned user extensions: 29
[2018-08-31 11:15:45.112] [sharedprocess] [info] Scanned user extensions: 29
[2018-08-31 11:20:46.638] [sharedprocess] [info] Scanned user extensions: 29
[2018-08-31 11:25:46.696] [sharedprocess] [info] Scanned user extensions: 29
[2018-08-31 11:30:46.741] [sharedprocess] [info] Scanned user extensions: 29
[2018-08-31 11:35:46.791] [sharedprocess] [info] Scanned user extensions: 29
[2018-08-31 11:40:46.861] [sharedprocess] [info] Scanned user extensions: 29
[2018-08-31 11:45:46.902] [sharedprocess] [info] Scanned user extensions: 29
[2018-08-31 11:50:46.944] [sharedprocess] [info] Scanned user extensions: 29
[2018-08-31 11:55:46.987] [sharedprocess] [info] Scanned user extensions: 29
[2018-08-31 12:00:47.195] [sharedprocess] [info] Scanned user extensions: 29
[2018-08-31 12:05:47.291] [sharedprocess] [info] Scanned user extensions: 29
[2018-08-31 12:10:47.333] [sharedprocess] [info] Scanned user extensions: 29
[2018-08-31 12:15:47.489] [sharedprocess] [info] Scanned user extensions: 29
[2018-08-31 12:20:48.691] [sharedprocess] [info] Scanned user extensions: 29
[2018-08-31 12:25:49.230] [sharedprocess] [info] Scanned user extensions: 29
[2018-08-31 12:30:49.381] [sharedprocess] [info] Scanned user extensions: 29
[2018-08-31 12:35:49.483] [sharedprocess] [info] Scanned user extensions: 29
[2018-08-31 12:40:49.591] [sharedprocess] [info] Scanned user extensions: 29
[2018-08-31 12:45:49.647] [sharedprocess] [info] Scanned user extensions: 29
[2018-08-31 12:50:49.719] [sharedprocess] [info] Scanned user extensions: 29
[2018-08-31 12:55:49.800] [sharedprocess] [info] Scanned user extensions: 29
[2018-08-31 13:00:49.841] [sharedprocess] [info] Scanned user extensions: 29
[2018-08-31 13:05:49.931] [sharedprocess] [info] Scanned user extensions: 29
[2018-08-31 13:10:49.974] [sharedprocess] [info] Scanned user extensions: 29
[2018-08-31 13:15:50.029] [sharedprocess] [info] Scanned user extensions: 29
[2018-08-31 13:20:50.466] [sharedprocess] [info] Scanned user extensions: 29
[2018-08-31 13:25:50.504] [sharedprocess] [info] Scanned user extensions: 29
[2018-08-31 13:30:50.543] [sharedprocess] [info] Scanned user extensions: 29
[2018-08-31 13:35:50.574] [sharedprocess] [info] Scanned user extensions: 29
[2018-08-31 13:40:50.615] [sharedprocess] [info] Scanned user extensions: 29
[2018-08-31 13:45:50.646] [sharedprocess] [info] Scanned user extensions: 29
[2018-08-31 13:50:50.697] [sharedprocess] [info] Scanned user extensions: 29
[2018-08-31 13:55:50.747] [sharedprocess] [info] Scanned user extensions: 29
[2018-08-31 14:00:51.121] [sharedprocess] [info] Scanned user extensions: 29
[2018-08-31 14:05:56.018] [sharedprocess] [info] Scanned user extensions: 29
[2018-08-31 14:10:56.763] [sharedprocess] [info] Scanned user extensions: 29
[2018-08-31 14:16:32.977] [sharedprocess] [info] Scanned user extensions: 29
