[Info  - 11:29:28 a. m.] 5244 files total
[Info  - 11:29:28 a. m.] Indexing project for definitions and static references
Parsing file:///home/jfvilladiego/proyectos_laravel/Post/storage/framework/views/99ee8e7cef83caa26705c47ffcbbffe0e23659cf.php
Parsing file:///home/jfvilladiego/proyectos_laravel/Post/storage/framework/views/98c7e8fd178a29daf71fe332fcdff6a7ba1b03b2.php
Parsing file:///home/jfvilladiego/proyectos_laravel/Post/storage/framework/views/78b354456ffabc57d85bbc970784a06666c6f31a.php
Parsing file:///home/jfvilladiego/proyectos_laravel/Post/storage/framework/views/197dd6c5bc7336af21eb1e63c5fea78211ab8fa5.php
Parsing file:///home/jfvilladiego/proyectos_laravel/Post/storage/framework/views/3c287c2300266af5b5ec5baf3d5664ea271e20b0.php
Parsing file:///home/jfvilladiego/proyectos_laravel/Post/storage/framework/views/c02c543cfd8cbe0ed47d3624a754914f1ac12aa3.php
Parsing file:///home/jfvilladiego/proyectos_laravel/Post/storage/framework/views/2d99115dcfa998b7b0be0a47b70bebd829e913f8.php
Parsing file:///home/jfvilladiego/proyectos_laravel/Post/storage/framework/views/378afb694344cfd8f599f1e88afeb9e599b4b726.php
Parsing file:///home/jfvilladiego/proyectos_laravel/Post/storage/framework/views/65a8a9ed828a880b7e30b86330dbe36f9a691173.php
Parsing file:///home/jfvilladiego/proyectos_laravel/Post/storage/framework/views/e3ae59027b88526c5f903da02f64bd85d89a029f.php
Parsing file:///home/jfvilladiego/proyectos_laravel/Post/config/broadcasting.php
Parsing file:///home/jfvilladiego/proyectos_laravel/Post/config/queue.php
Parsing file:///home/jfvilladiego/proyectos_laravel/Post/config/session.php
Parsing file:///home/jfvilladiego/proyectos_laravel/Post/config/database.php
Parsing file:///home/jfvilladiego/proyectos_laravel/Post/config/filesystems.php
Parsing file:///home/jfvilladiego/proyectos_laravel/Post/config/logging.php
Parsing file:///home/jfvilladiego/proyectos_laravel/Post/config/hashing.php
Parsing file:///home/jfvilladiego/proyectos_laravel/Post/config/auth.php
Parsing file:///home/jfvilladiego/proyectos_laravel/Post/config/app.php
Parsing file:///home/jfvilladiego/proyectos_laravel/Post/config/services.php
Parsing file:///home/jfvilladiego/proyectos_laravel/Post/config/mail.php
Parsing file:///home/jfvilladiego/proyectos_laravel/Post/config/cache.php
Parsing file:///home/jfvilladiego/proyectos_laravel/Post/config/view.php
Parsing file:///home/jfvilladiego/proyectos_laravel/Post/app/Http/Kernel.php
Parsing file:///home/jfvilladiego/proyectos_laravel/Post/app/Http/Middleware/CheckForMaintenanceMode.php
Parsing file:///home/jfvilladiego/proyectos_laravel/Post/app/Http/Middleware/EncryptCookies.php
Parsing file:///home/jfvilladiego/proyectos_laravel/Post/app/Http/Middleware/VerifyCsrfToken.php
Parsing file:///home/jfvilladiego/proyectos_laravel/Post/app/Http/Middleware/RedirectIfAuthenticated.php
Parsing file:///home/jfvilladiego/proyectos_laravel/Post/app/Http/Middleware/TrimStrings.php
Parsing file:///home/jfvilladiego/proyectos_laravel/Post/app/Http/Middleware/TrustProxies.php
Parsing file:///home/jfvilladiego/proyectos_laravel/Post/app/Http/Controllers/Auth/ResetPasswordController.php
Parsing file:///home/jfvilladiego/proyectos_laravel/Post/app/Http/Controllers/Auth/RegisterController.php
Parsing file:///home/jfvilladiego/proyectos_laravel/Post/app/Http/Controllers/Auth/ForgotPasswordController.php
Parsing file:///home/jfvilladiego/proyectos_laravel/Post/app/Http/Controllers/Auth/LoginController.php
Parsing file:///home/jfvilladiego/proyectos_laravel/Post/app/Http/Controllers/PostController.php
Parsing file:///home/jfvilladiego/proyectos_laravel/Post/app/Http/Controllers/ArticleController.php
Parsing file:///home/jfvilladiego/proyectos_laravel/Post/app/Http/Controllers/Controller.php
Parsing file:///home/jfvilladiego/proyectos_laravel/Post/app/Providers/AuthServiceProvider.php
Parsing file:///home/jfvilladiego/proyectos_laravel/Post/app/Providers/BroadcastServiceProvider.php
Parsing file:///home/jfvilladiego/proyectos_laravel/Post/app/Providers/EventServiceProvider.php
Parsing file:///home/jfvilladiego/proyectos_laravel/Post/app/Providers/AppServiceProvider.php
Parsing file:///home/jfvilladiego/proyectos_laravel/Post/app/Providers/RouteServiceProvider.php
Parsing file:///home/jfvilladiego/proyectos_laravel/Post/app/Exceptions/Handler.php
Parsing file:///home/jfvilladiego/proyectos_laravel/Post/app/User.php
Parsing file:///home/jfvilladiego/proyectos_laravel/Post/app/Post.php
Parsing file:///home/jfvilladiego/proyectos_laravel/Post/app/Console/Kernel.php
Parsing file:///home/jfvilladiego/proyectos_laravel/Post/app/Article.php
Parsing file:///home/jfvilladiego/proyectos_laravel/Post/server.php
Parsing file:///home/jfvilladiego/proyectos_laravel/Post/bootstrap/app.php
Parsing file:///home/jfvilladiego/proyectos_laravel/Post/bootstrap/cache/packages.php
Parsing file:///home/jfvilladiego/proyectos_laravel/Post/bootstrap/cache/services.php
Parsing file:///home/jfvilladiego/proyectos_laravel/Post/routes/api.php
Parsing file:///home/jfvilladiego/proyectos_laravel/Post/routes/web.php
Parsing file:///home/jfvilladiego/proyectos_laravel/Post/routes/console.php
Parsing file:///home/jfvilladiego/proyectos_laravel/Post/routes/channels.php
Parsing file:///home/jfvilladiego/proyectos_laravel/Post/tests/Feature/ExampleTest.php
Parsing file:///home/jfvilladiego/proyectos_laravel/Post/tests/Unit/ExampleTest.php
Parsing file:///home/jfvilladiego/proyectos_laravel/Post/tests/CreatesApplication.php
Parsing file:///home/jfvilladiego/proyectos_laravel/Post/tests/TestCase.php
Parsing file:///home/jfvilladiego/proyectos_laravel/Post/public/index.php
Parsing file:///home/jfvilladiego/proyectos_laravel/Post/database/seeds/DatabaseSeeder.php
Parsing file:///home/jfvilladiego/proyectos_laravel/Post/database/migrations/2018_08_30_143809_create_articles_table.php
Parsing file:///home/jfvilladiego/proyectos_laravel/Post/database/migrations/2014_10_12_000000_create_users_table.php
Parsing file:///home/jfvilladiego/proyectos_laravel/Post/database/migrations/2018_08_30_143540_create_posts_table.php
Parsing file:///home/jfvilladiego/proyectos_laravel/Post/database/migrations/2014_10_12_100000_create_password_resets_table.php
Parsing file:///home/jfvilladiego/proyectos_laravel/Post/database/factories/PostFactory.php
Parsing file:///home/jfvilladiego/proyectos_laravel/Post/database/factories/ArticleFactory.php
Parsing file:///home/jfvilladiego/proyectos_laravel/Post/database/factories/UserFactory.php
Parsing file:///home/jfvilladiego/proyectos_laravel/Post/vendor/composer/autoload_psr4.php
Parsing file:///home/jfvilladiego/proyectos_laravel/Post/vendor/composer/autoload_files.php
Parsing file:///home/jfvilladiego/proyectos_laravel/Post/vendor/composer/autoload_static.php
[Info  - 11:29:30 a. m.] Ignoring file file:///home/jfvilladiego/proyectos_laravel/Post/vendor/composer/autoload_static.php because it exceeds size limit of 150000 bytes (464827)
Parsing file:///home/jfvilladiego/proyectos_laravel/Post/vendor/composer/autoload_real.php
Parsing file:///home/jfvilladiego/proyectos_laravel/Post/vendor/composer/autoload_classmap.php
[Info  - 11:29:31 a. m.] Ignoring file file:///home/jfvilladiego/proyectos_laravel/Post/vendor/composer/autoload_classmap.php because it exceeds size limit of 150000 bytes (422966)
Parsing file:///home/jfvilladiego/proyectos_laravel/Post/vendor/composer/ClassLoader.php
Parsing file:///home/jfvilladiego/proyectos_laravel/Post/vendor/composer/autoload_namespaces.php
Parsing file:///home/jfvilladiego/proyectos_laravel/Post/vendor/autoload.php
Parsing file:///home/jfvilladiego/proyectos_laravel/Post/resources/lang/en/passwords.php
Parsing file:///home/jfvilladiego/proyectos_laravel/Post/resources/lang/en/validation.php
Parsing file:///home/jfvilladiego/proyectos_laravel/Post/resources/lang/en/auth.php
Parsing file:///home/jfvilladiego/proyectos_laravel/Post/resources/lang/en/pagination.php
Parsing file:///home/jfvilladiego/proyectos_laravel/Post/resources/views/navbar/navbar.blade.php
Parsing file:///home/jfvilladiego/proyectos_laravel/Post/resources/views/layouts/template.blade.php
Parsing file:///home/jfvilladiego/proyectos_laravel/Post/resources/views/layouts/welcome.blade.php
Parsing file:///home/jfvilladiego/proyectos_laravel/Post/resources/views/posts/create.blade.php
Parsing file:///home/jfvilladiego/proyectos_laravel/Post/resources/views/posts/edit.blade.php
Parsing file:///home/jfvilladiego/proyectos_laravel/Post/resources/views/posts/show.blade.php
Parsing file:///home/jfvilladiego/proyectos_laravel/Post/resources/views/posts/index.blade.php
Parsing file:///home/jfvilladiego/proyectos_laravel/Post/resources/views/posts/partials/_article.blade.php
Parsing file:///home/jfvilladiego/proyectos_laravel/Post/resources/views/posts/_form.blade.php
[Info  - 11:29:31 a. m.] Indexing project for dynamic references
Parsing file:///home/jfvilladiego/proyectos_laravel/Post/storage/framework/views/99ee8e7cef83caa26705c47ffcbbffe0e23659cf.php
Parsing file:///home/jfvilladiego/proyectos_laravel/Post/storage/framework/views/98c7e8fd178a29daf71fe332fcdff6a7ba1b03b2.php
Parsing file:///home/jfvilladiego/proyectos_laravel/Post/storage/framework/views/78b354456ffabc57d85bbc970784a06666c6f31a.php
Parsing file:///home/jfvilladiego/proyectos_laravel/Post/storage/framework/views/197dd6c5bc7336af21eb1e63c5fea78211ab8fa5.php
Parsing file:///home/jfvilladiego/proyectos_laravel/Post/storage/framework/views/3c287c2300266af5b5ec5baf3d5664ea271e20b0.php
Parsing file:///home/jfvilladiego/proyectos_laravel/Post/storage/framework/views/c02c543cfd8cbe0ed47d3624a754914f1ac12aa3.php
Parsing file:///home/jfvilladiego/proyectos_laravel/Post/storage/framework/views/2d99115dcfa998b7b0be0a47b70bebd829e913f8.php
Parsing file:///home/jfvilladiego/proyectos_laravel/Post/storage/framework/views/378afb694344cfd8f599f1e88afeb9e599b4b726.php
Parsing file:///home/jfvilladiego/proyectos_laravel/Post/storage/framework/views/65a8a9ed828a880b7e30b86330dbe36f9a691173.php
Parsing file:///home/jfvilladiego/proyectos_laravel/Post/storage/framework/views/e3ae59027b88526c5f903da02f64bd85d89a029f.php
Parsing file:///home/jfvilladiego/proyectos_laravel/Post/config/broadcasting.php
Parsing file:///home/jfvilladiego/proyectos_laravel/Post/config/queue.php
Parsing file:///home/jfvilladiego/proyectos_laravel/Post/config/session.php
Parsing file:///home/jfvilladiego/proyectos_laravel/Post/config/database.php
Parsing file:///home/jfvilladiego/proyectos_laravel/Post/config/filesystems.php
Parsing file:///home/jfvilladiego/proyectos_laravel/Post/config/logging.php
Parsing file:///home/jfvilladiego/proyectos_laravel/Post/config/hashing.php
Parsing file:///home/jfvilladiego/proyectos_laravel/Post/config/auth.php
Parsing file:///home/jfvilladiego/proyectos_laravel/Post/config/app.php
Parsing file:///home/jfvilladiego/proyectos_laravel/Post/config/services.php
Parsing file:///home/jfvilladiego/proyectos_laravel/Post/config/mail.php
Parsing file:///home/jfvilladiego/proyectos_laravel/Post/config/cache.php
Parsing file:///home/jfvilladiego/proyectos_laravel/Post/config/view.php
Parsing file:///home/jfvilladiego/proyectos_laravel/Post/app/Http/Kernel.php
Parsing file:///home/jfvilladiego/proyectos_laravel/Post/app/Http/Middleware/CheckForMaintenanceMode.php
Parsing file:///home/jfvilladiego/proyectos_laravel/Post/app/Http/Middleware/EncryptCookies.php
Parsing file:///home/jfvilladiego/proyectos_laravel/Post/app/Http/Middleware/VerifyCsrfToken.php
Parsing file:///home/jfvilladiego/proyectos_laravel/Post/app/Http/Middleware/RedirectIfAuthenticated.php
Parsing file:///home/jfvilladiego/proyectos_laravel/Post/app/Http/Middleware/TrimStrings.php
Parsing file:///home/jfvilladiego/proyectos_laravel/Post/app/Http/Middleware/TrustProxies.php
Parsing file:///home/jfvilladiego/proyectos_laravel/Post/app/Http/Controllers/Auth/ResetPasswordController.php
Parsing file:///home/jfvilladiego/proyectos_laravel/Post/app/Http/Controllers/Auth/RegisterController.php
Parsing file:///home/jfvilladiego/proyectos_laravel/Post/app/Http/Controllers/Auth/ForgotPasswordController.php
Parsing file:///home/jfvilladiego/proyectos_laravel/Post/app/Http/Controllers/Auth/LoginController.php
Parsing file:///home/jfvilladiego/proyectos_laravel/Post/app/Http/Controllers/PostController.php
Parsing file:///home/jfvilladiego/proyectos_laravel/Post/app/Http/Controllers/ArticleController.php
Parsing file:///home/jfvilladiego/proyectos_laravel/Post/app/Http/Controllers/Controller.php
Parsing file:///home/jfvilladiego/proyectos_laravel/Post/app/Providers/AuthServiceProvider.php
Parsing file:///home/jfvilladiego/proyectos_laravel/Post/app/Providers/BroadcastServiceProvider.php
Parsing file:///home/jfvilladiego/proyectos_laravel/Post/app/Providers/EventServiceProvider.php
Parsing file:///home/jfvilladiego/proyectos_laravel/Post/app/Providers/AppServiceProvider.php
Parsing file:///home/jfvilladiego/proyectos_laravel/Post/app/Providers/RouteServiceProvider.php
Parsing file:///home/jfvilladiego/proyectos_laravel/Post/app/Exceptions/Handler.php
Parsing file:///home/jfvilladiego/proyectos_laravel/Post/app/User.php
Parsing file:///home/jfvilladiego/proyectos_laravel/Post/app/Post.php
Parsing file:///home/jfvilladiego/proyectos_laravel/Post/app/Console/Kernel.php
Parsing file:///home/jfvilladiego/proyectos_laravel/Post/app/Article.php
Parsing file:///home/jfvilladiego/proyectos_laravel/Post/server.php
Parsing file:///home/jfvilladiego/proyectos_laravel/Post/bootstrap/app.php
Parsing file:///home/jfvilladiego/proyectos_laravel/Post/bootstrap/cache/packages.php
Parsing file:///home/jfvilladiego/proyectos_laravel/Post/bootstrap/cache/services.php
Parsing file:///home/jfvilladiego/proyectos_laravel/Post/routes/api.php
Parsing file:///home/jfvilladiego/proyectos_laravel/Post/routes/web.php
Parsing file:///home/jfvilladiego/proyectos_laravel/Post/routes/console.php
Parsing file:///home/jfvilladiego/proyectos_laravel/Post/routes/channels.php
Parsing file:///home/jfvilladiego/proyectos_laravel/Post/tests/Feature/ExampleTest.php
Parsing file:///home/jfvilladiego/proyectos_laravel/Post/tests/Unit/ExampleTest.php
Parsing file:///home/jfvilladiego/proyectos_laravel/Post/tests/CreatesApplication.php
Parsing file:///home/jfvilladiego/proyectos_laravel/Post/tests/TestCase.php
Parsing file:///home/jfvilladiego/proyectos_laravel/Post/public/index.php
Parsing file:///home/jfvilladiego/proyectos_laravel/Post/database/seeds/DatabaseSeeder.php
Parsing file:///home/jfvilladiego/proyectos_laravel/Post/database/migrations/2018_08_30_143809_create_articles_table.php
Parsing file:///home/jfvilladiego/proyectos_laravel/Post/database/migrations/2014_10_12_000000_create_users_table.php
Parsing file:///home/jfvilladiego/proyectos_laravel/Post/database/migrations/2018_08_30_143540_create_posts_table.php
Parsing file:///home/jfvilladiego/proyectos_laravel/Post/database/migrations/2014_10_12_100000_create_password_resets_table.php
Parsing file:///home/jfvilladiego/proyectos_laravel/Post/database/factories/PostFactory.php
Parsing file:///home/jfvilladiego/proyectos_laravel/Post/database/factories/ArticleFactory.php
Parsing file:///home/jfvilladiego/proyectos_laravel/Post/database/factories/UserFactory.php
Parsing file:///home/jfvilladiego/proyectos_laravel/Post/vendor/composer/autoload_psr4.php
Parsing file:///home/jfvilladiego/proyectos_laravel/Post/vendor/composer/autoload_files.php
Parsing file:///home/jfvilladiego/proyectos_laravel/Post/vendor/composer/autoload_static.php
[Info  - 11:29:31 a. m.] Ignoring file file:///home/jfvilladiego/proyectos_laravel/Post/vendor/composer/autoload_static.php because it exceeds size limit of 150000 bytes (464827)
Parsing file:///home/jfvilladiego/proyectos_laravel/Post/vendor/composer/autoload_real.php
Parsing file:///home/jfvilladiego/proyectos_laravel/Post/vendor/composer/autoload_classmap.php
[Info  - 11:29:31 a. m.] Ignoring file file:///home/jfvilladiego/proyectos_laravel/Post/vendor/composer/autoload_classmap.php because it exceeds size limit of 150000 bytes (422966)
Parsing file:///home/jfvilladiego/proyectos_laravel/Post/vendor/composer/ClassLoader.php
Parsing file:///home/jfvilladiego/proyectos_laravel/Post/vendor/composer/autoload_namespaces.php
Parsing file:///home/jfvilladiego/proyectos_laravel/Post/vendor/autoload.php
Parsing file:///home/jfvilladiego/proyectos_laravel/Post/resources/lang/en/passwords.php
Parsing file:///home/jfvilladiego/proyectos_laravel/Post/resources/lang/en/validation.php
Parsing file:///home/jfvilladiego/proyectos_laravel/Post/resources/lang/en/auth.php
Parsing file:///home/jfvilladiego/proyectos_laravel/Post/resources/lang/en/pagination.php
Parsing file:///home/jfvilladiego/proyectos_laravel/Post/resources/views/navbar/navbar.blade.php
Parsing file:///home/jfvilladiego/proyectos_laravel/Post/resources/views/layouts/template.blade.php
Parsing file:///home/jfvilladiego/proyectos_laravel/Post/resources/views/layouts/welcome.blade.php
Parsing file:///home/jfvilladiego/proyectos_laravel/Post/resources/views/posts/create.blade.php
Parsing file:///home/jfvilladiego/proyectos_laravel/Post/resources/views/posts/edit.blade.php
Parsing file:///home/jfvilladiego/proyectos_laravel/Post/resources/views/posts/show.blade.php
Parsing file:///home/jfvilladiego/proyectos_laravel/Post/resources/views/posts/index.blade.php
Parsing file:///home/jfvilladiego/proyectos_laravel/Post/resources/views/posts/partials/_article.blade.php
Parsing file:///home/jfvilladiego/proyectos_laravel/Post/resources/views/posts/_form.blade.php
[Info  - 11:29:32 a. m.] 72 Packages
[Info  - 11:29:33 a. m.] Restored vlucas/phpdotenv:2.5.1 from cache
[Info  - 11:29:33 a. m.] Restored mockery/mockery:1.1.0 from cache
[Info  - 11:29:33 a. m.] Restored filp/whoops:2.2.0 from cache
[Info  - 11:29:33 a. m.] Restored jakub-onderka/php-console-highlighter:0.3.2 from cache
[Info  - 11:29:33 a. m.] Restored jakub-onderka/php-console-color:0.1 from cache
[Info  - 11:29:34 a. m.] Restored fzaninotto/faker:1.8.0 from cache
[Info  - 11:29:34 a. m.] Restored sven/artisan-view:3.0.0 from cache
[Info  - 11:29:34 a. m.] Indexing laravelcollective/html:5.6.10 for definitions and static references
Parsing file:///home/jfvilladiego/proyectos_laravel/Post/vendor/laravelcollective/html/src/Eloquent/FormAccessible.php
Parsing file:///home/jfvilladiego/proyectos_laravel/Post/vendor/laravelcollective/html/src/FormBuilder.php
Parsing file:///home/jfvilladiego/proyectos_laravel/Post/vendor/laravelcollective/html/src/helpers.php
Parsing file:///home/jfvilladiego/proyectos_laravel/Post/vendor/laravelcollective/html/src/HtmlFacade.php
Parsing file:///home/jfvilladiego/proyectos_laravel/Post/vendor/laravelcollective/html/src/HtmlServiceProvider.php
Parsing file:///home/jfvilladiego/proyectos_laravel/Post/vendor/laravelcollective/html/src/FormFacade.php
Parsing file:///home/jfvilladiego/proyectos_laravel/Post/vendor/laravelcollective/html/src/Componentable.php
Parsing file:///home/jfvilladiego/proyectos_laravel/Post/vendor/laravelcollective/html/src/HtmlBuilder.php
[Info  - 11:29:34 a. m.] Indexing laravelcollective/html:5.6.10 for dynamic references
Parsing file:///home/jfvilladiego/proyectos_laravel/Post/vendor/laravelcollective/html/src/Eloquent/FormAccessible.php
Parsing file:///home/jfvilladiego/proyectos_laravel/Post/vendor/laravelcollective/html/src/FormBuilder.php
Parsing file:///home/jfvilladiego/proyectos_laravel/Post/vendor/laravelcollective/html/src/helpers.php
Parsing file:///home/jfvilladiego/proyectos_laravel/Post/vendor/laravelcollective/html/src/HtmlFacade.php
Parsing file:///home/jfvilladiego/proyectos_laravel/Post/vendor/laravelcollective/html/src/HtmlServiceProvider.php
Parsing file:///home/jfvilladiego/proyectos_laravel/Post/vendor/laravelcollective/html/src/FormFacade.php
Parsing file:///home/jfvilladiego/proyectos_laravel/Post/vendor/laravelcollective/html/src/Componentable.php
Parsing file:///home/jfvilladiego/proyectos_laravel/Post/vendor/laravelcollective/html/src/HtmlBuilder.php
[Info  - 11:29:35 a. m.] Storing laravelcollective/html:5.6.10 in cache
[Info  - 11:29:35 a. m.] Restored nikic/php-parser:4.0.3 from cache
[Info  - 11:29:35 a. m.] Restored doctrine/instantiator:1.1.0 from cache
[Info  - 11:29:35 a. m.] Restored doctrine/inflector:1.3.0 from cache
[Info  - 11:29:35 a. m.] Restored doctrine/lexer:1.0.1 from cache
[Info  - 11:29:35 a. m.] Restored myclabs/deep-copy:1.8.1 from cache
[Info  - 11:29:35 a. m.] Restored phpunit/php-token-stream:3.0.0 from cache
[Info  - 11:29:36 a. m.] Restored phpunit/php-timer:2.0.0 from cache
[Info  - 11:29:36 a. m.] Restored phpunit/phpunit:7.3.2 from cache
[Info  - 11:29:36 a. m.] Restored phpunit/php-code-coverage:6.0.7 from cache
[Info  - 11:29:36 a. m.] Restored phpunit/php-text-template:1.2.1 from cache
[Info  - 11:29:36 a. m.] Restored phpunit/php-file-iterator:2.0.1 from cache
[Info  - 11:29:36 a. m.] Restored egulias/email-validator:2.1.5 from cache
[Info  - 11:29:36 a. m.] Restored psr/container:1.0.0 from cache
[Info  - 11:29:36 a. m.] Restored psr/log:1.0.2 from cache
[Info  - 11:29:36 a. m.] Restored psr/simple-cache:1.0.1 from cache
[Info  - 11:29:36 a. m.] Restored erusev/parsedown:1.7.1 from cache
[Info  - 11:29:36 a. m.] Restored fideloper/proxy:4.0.0 from cache
[Info  - 11:29:36 a. m.] Restored phpspec/prophecy:1.8.0 from cache
[Info  - 11:29:36 a. m.] Restored hamcrest/hamcrest-php:2.0.0 from cache
[Info  - 11:29:36 a. m.] Restored laravel/tinker:1.0.7 from cache
[Info  - 11:29:36 a. m.] Restored laravel/framework:5.6.35 from cache
[Info  - 11:29:37 a. m.] Restored symfony/debug:4.1.4 from cache
[Info  - 11:29:37 a. m.] Restored symfony/translation:4.1.4 from cache
[Info  - 11:29:37 a. m.] Restored symfony/http-kernel:4.1.4 from cache
[Info  - 11:29:37 a. m.] Restored symfony/event-dispatcher:4.1.4 from cache
[Info  - 11:29:37 a. m.] Restored symfony/polyfill-php72:1.9.0 from cache
[Info  - 11:29:37 a. m.] Restored symfony/process:4.1.4 from cache
[Info  - 11:29:37 a. m.] Restored symfony/css-selector:4.1.4 from cache
[Info  - 11:29:37 a. m.] Restored symfony/polyfill-mbstring:1.9.0 from cache
[Info  - 11:29:37 a. m.] Restored symfony/polyfill-ctype:1.9.0 from cache
[Info  - 11:29:37 a. m.] Restored symfony/http-foundation:4.1.4 from cache
[Info  - 11:29:37 a. m.] Restored symfony/console:4.1.4 from cache
[Info  - 11:29:37 a. m.] Restored symfony/routing:4.1.4 from cache
[Info  - 11:29:38 a. m.] Restored symfony/finder:4.1.4 from cache
[Info  - 11:29:38 a. m.] Restored symfony/var-dumper:4.1.4 from cache
[Info  - 11:29:38 a. m.] Restored theseer/tokenizer:1.1.0 from cache
[Info  - 11:29:38 a. m.] Restored nunomaduro/collision:2.0.3 from cache
[Info  - 11:29:38 a. m.] Restored dragonmantank/cron-expression:2.2.0 from cache
[Info  - 11:29:38 a. m.] Restored ramsey/uuid:3.8.0 from cache
[Info  - 11:29:38 a. m.] Restored psy/psysh:0.9.7 from cache
[Info  - 11:29:38 a. m.] Restored sebastian/code-unit-reverse-lookup:1.0.1 from cache
[Info  - 11:29:38 a. m.] Restored sebastian/object-reflector:1.1.1 from cache
[Info  - 11:29:39 a. m.] Restored sebastian/object-enumerator:3.0.3 from cache
[Info  - 11:29:39 a. m.] Restored sebastian/comparator:3.0.2 from cache
[Info  - 11:29:39 a. m.] Restored sebastian/exporter:3.1.0 from cache
[Info  - 11:29:39 a. m.] Restored sebastian/recursion-context:3.0.0 from cache
[Info  - 11:29:39 a. m.] Restored sebastian/environment:3.1.0 from cache
[Info  - 11:29:39 a. m.] Restored sebastian/global-state:2.0.0 from cache
[Info  - 11:29:39 a. m.] Restored sebastian/diff:3.0.1 from cache
[Info  - 11:29:39 a. m.] Restored sebastian/version:2.0.1 from cache
[Info  - 11:29:39 a. m.] Restored sebastian/resource-operations:1.0.0 from cache
[Info  - 11:29:39 a. m.] Restored webmozart/assert:1.3.0 from cache
[Info  - 11:29:39 a. m.] Restored phpdocumentor/reflection-docblock:4.3.0 from cache
[Info  - 11:29:39 a. m.] Restored phpdocumentor/reflection-common:1.0.1 from cache
[Info  - 11:29:39 a. m.] Restored phpdocumentor/type-resolver:0.4.0 from cache
[Info  - 11:29:39 a. m.] Restored nesbot/carbon:1.25.0 from cache
[Info  - 11:29:39 a. m.] Restored paragonie/random_compat:9.99.99 from cache
[Info  - 11:29:39 a. m.] Restored monolog/monolog:1.23.0 from cache
[Info  - 11:29:39 a. m.] Restored dnoegel/php-xdg-base-dir:0.1 from cache
[Info  - 11:29:40 a. m.] Restored phar-io/manifest:1.0.3 from cache
[Info  - 11:29:40 a. m.] Restored phar-io/version:2.0.1 from cache
[Info  - 11:29:40 a. m.] Restored tijsverkoyen/css-to-inline-styles:2.2.1 from cache
[Info  - 11:29:40 a. m.] Restored swiftmailer/swiftmailer:6.1.2 from cache
[Info  - 11:29:40 a. m.] Restored league/flysystem:1.0.46 from cache
[Info  - 11:29:40 a. m.] All 5244 PHP files parsed in 11 seconds. 398 MiB allocated.
