[2018-09-03 11:55:48.575] [sharedprocess] [info] main {"machineId":"f391cf1e128c7a12d3142ae132058c63ccf9378c9f15b95c65e7378ea4f5de92"}
[2018-09-03 11:55:52.012] [sharedprocess] [info] Scanned user extensions: 29
[2018-09-03 11:55:52.214] [sharedprocess] [info] Scanned user extensions: 29
[2018-09-03 11:55:52.224] [sharedprocess] [info] Scanned user extensions: 29
[2018-09-03 11:55:55.675] [sharedprocess] [info] Scanned system extensions: 71
[2018-09-03 11:55:55.683] [sharedprocess] [info] Scanned system extensions: 71
[2018-09-03 11:55:55.699] [sharedprocess] [info] Scanned user extensions: 29
[2018-09-03 11:56:00.625] [sharedprocess] [info] Scanned user extensions: 29
[2018-09-03 11:56:00.637] [sharedprocess] [info] Scanned user extensions: 29
[2018-09-03 11:56:01.869] [sharedprocess] [info] Installing extension: php-intellisense
[2018-09-03 11:56:01.904] [sharedprocess] [info] Scanned user extensions: 29
[2018-09-03 11:56:02.914] [sharedprocess] [info] Downloaded extension: php-intellisense /tmp/7d964e29-a74a-42d2-8519-c16df7e2b7f2
[2018-09-03 11:56:04.835] [sharedprocess] [info] Extracted extension to /home/jfvilladiego/.vscode/extensions/.felixfbecker.php-intellisense-2.3.5: felixfbecker.php-intellisense-2.3.5
[2018-09-03 11:56:04.836] [sharedprocess] [info] Renamed to /home/jfvilladiego/.vscode/extensions/felixfbecker.php-intellisense-2.3.5
[2018-09-03 11:56:04.836] [sharedprocess] [info] Installation completed. felixfbecker.php-intellisense-2.3.5
[2018-09-03 11:56:05.064] [sharedprocess] [info] Extensions installed successfully: felixfbecker.php-intellisense
[2018-09-03 11:56:05.217] [sharedprocess] [info] Scanned user extensions: 29
[2018-09-03 11:56:05.248] [sharedprocess] [info] Scanned system extensions: 71
[2018-09-03 11:56:28.580] [sharedprocess] [info] Starting to clean up unused language packs.
[2018-09-03 12:01:02.000] [sharedprocess] [info] Scanned user extensions: 29
[2018-09-03 12:06:02.193] [sharedprocess] [info] Scanned user extensions: 29
[2018-09-03 12:11:02.244] [sharedprocess] [info] Scanned user extensions: 29
[2018-09-03 12:16:02.277] [sharedprocess] [info] Scanned user extensions: 29
[2018-09-03 12:21:02.316] [sharedprocess] [info] Scanned user extensions: 29
[2018-09-03 12:26:02.356] [sharedprocess] [info] Scanned user extensions: 29
[2018-09-03 12:31:02.395] [sharedprocess] [info] Scanned user extensions: 29
[2018-09-03 12:36:02.433] [sharedprocess] [info] Scanned user extensions: 29
[2018-09-03 12:41:02.481] [sharedprocess] [info] Scanned user extensions: 29
[2018-09-03 12:46:02.522] [sharedprocess] [info] Scanned user extensions: 29
[2018-09-03 12:51:02.568] [sharedprocess] [info] Scanned user extensions: 29
[2018-09-03 12:56:02.705] [sharedprocess] [info] Scanned user extensions: 29
[2018-09-03 13:01:02.749] [sharedprocess] [info] Scanned user extensions: 29
[2018-09-03 13:06:02.789] [sharedprocess] [info] Scanned user extensions: 29
[2018-09-03 13:11:02.829] [sharedprocess] [info] Scanned user extensions: 29
[2018-09-03 13:16:02.871] [sharedprocess] [info] Scanned user extensions: 29
[2018-09-03 13:21:02.902] [sharedprocess] [info] Scanned user extensions: 29
[2018-09-03 13:26:02.942] [sharedprocess] [info] Scanned user extensions: 29
[2018-09-03 13:31:04.130] [sharedprocess] [info] Scanned user extensions: 29
[2018-09-03 13:36:04.174] [sharedprocess] [info] Scanned user extensions: 29
[2018-09-03 13:41:04.212] [sharedprocess] [info] Scanned user extensions: 29
[2018-09-03 13:46:04.271] [sharedprocess] [info] Scanned user extensions: 29
[2018-09-03 13:51:04.310] [sharedprocess] [info] Scanned user extensions: 29
[2018-09-03 13:56:04.544] [sharedprocess] [info] Scanned user extensions: 29
[2018-09-03 14:01:04.582] [sharedprocess] [info] Scanned user extensions: 29
[2018-09-03 14:06:04.622] [sharedprocess] [info] Scanned user extensions: 29
[2018-09-03 14:11:04.667] [sharedprocess] [info] Scanned user extensions: 29
[2018-09-03 14:16:04.709] [sharedprocess] [info] Scanned user extensions: 29
[2018-09-03 14:21:04.747] [sharedprocess] [info] Scanned user extensions: 29
[2018-09-03 14:26:04.793] [sharedprocess] [info] Scanned user extensions: 29
[2018-09-03 14:31:04.832] [sharedprocess] [info] Scanned user extensions: 29
[2018-09-03 14:36:04.874] [sharedprocess] [info] Scanned user extensions: 29
[2018-09-03 14:41:04.906] [sharedprocess] [info] Scanned user extensions: 29
[2018-09-03 14:46:04.946] [sharedprocess] [info] Scanned user extensions: 29
[2018-09-03 14:51:04.983] [sharedprocess] [info] Scanned user extensions: 29
[2018-09-03 14:56:05.172] [sharedprocess] [info] Scanned user extensions: 29
[2018-09-03 15:01:05.216] [sharedprocess] [info] Scanned user extensions: 29
[2018-09-03 15:06:05.262] [sharedprocess] [info] Scanned user extensions: 29
[2018-09-03 15:11:05.302] [sharedprocess] [info] Scanned user extensions: 29
[2018-09-03 15:16:05.343] [sharedprocess] [info] Scanned user extensions: 29
[2018-09-03 15:21:05.385] [sharedprocess] [info] Scanned user extensions: 29
[2018-09-03 15:26:05.425] [sharedprocess] [info] Scanned user extensions: 29
[2018-09-03 15:31:05.475] [sharedprocess] [info] Scanned user extensions: 29
[2018-09-03 15:36:05.512] [sharedprocess] [info] Scanned user extensions: 29
[2018-09-03 15:41:05.609] [sharedprocess] [info] Scanned user extensions: 29
[2018-09-03 15:46:05.730] [sharedprocess] [info] Scanned user extensions: 29
[2018-09-03 15:51:05.789] [sharedprocess] [info] Scanned user extensions: 29
[2018-09-03 15:56:06.407] [sharedprocess] [info] Scanned user extensions: 29
[2018-09-03 16:01:06.450] [sharedprocess] [info] Scanned user extensions: 29
[2018-09-03 16:06:06.498] [sharedprocess] [info] Scanned user extensions: 29
[2018-09-03 16:11:06.546] [sharedprocess] [info] Scanned user extensions: 29
[2018-09-03 16:16:06.612] [sharedprocess] [info] Scanned user extensions: 29
[2018-09-03 16:21:06.662] [sharedprocess] [info] Scanned user extensions: 29
[2018-09-03 16:26:06.716] [sharedprocess] [info] Scanned user extensions: 29
[2018-09-03 16:31:07.208] [sharedprocess] [info] Scanned user extensions: 29
[2018-09-03 16:36:07.257] [sharedprocess] [info] Scanned user extensions: 29
[2018-09-03 16:41:07.320] [sharedprocess] [info] Scanned user extensions: 29
[2018-09-03 16:46:07.398] [sharedprocess] [info] Scanned user extensions: 29
[2018-09-03 16:51:07.448] [sharedprocess] [info] Scanned user extensions: 29
[2018-09-03 16:56:08.157] [sharedprocess] [info] Scanned user extensions: 29
[2018-09-03 17:01:08.874] [sharedprocess] [info] Scanned user extensions: 29
[2018-09-03 17:06:08.913] [sharedprocess] [info] Scanned user extensions: 29
[2018-09-03 17:11:08.996] [sharedprocess] [info] Scanned user extensions: 29
[2018-09-03 17:16:09.040] [sharedprocess] [info] Scanned user extensions: 29
[2018-09-03 17:21:09.079] [sharedprocess] [info] Scanned user extensions: 29
[2018-09-03 17:26:09.115] [sharedprocess] [info] Scanned user extensions: 29
[2018-09-03 17:31:09.161] [sharedprocess] [info] Scanned user extensions: 29
[2018-09-03 17:36:09.204] [sharedprocess] [info] Scanned user extensions: 29
[2018-09-03 17:41:09.247] [sharedprocess] [info] Scanned user extensions: 29
[2018-09-03 17:46:09.280] [sharedprocess] [info] Scanned user extensions: 29
[2018-09-03 17:51:09.321] [sharedprocess] [info] Scanned user extensions: 29
[2018-09-03 17:56:09.622] [sharedprocess] [info] Scanned user extensions: 29
